15:55:11.203 [main] INFO  testCases.TC_001_AccountRegistrationTest - ******* starting TC_001_AccountRegistrationTest *******
15:55:11.220 [main] INFO  testCases.TC_001_AccountRegistrationTest - Clicking on MyAccount link
15:55:11.312 [main] INFO  testCases.TC_001_AccountRegistrationTest - Clicking on register link
15:55:12.095 [main] INFO  testCases.TC_001_AccountRegistrationTest - Providing customers details
15:55:13.557 [main] INFO  testCases.TC_001_AccountRegistrationTest - Registration successful...
15:55:13.558 [main] INFO  testCases.TC_001_AccountRegistrationTest - ******* Finished TC_001_AccountRegistrationTest *******
15:56:26.240 [TestNG-tests-1] INFO  testCases.TC_001_AccountRegistrationTest - ******* starting TC_001_AccountRegistrationTest *******
15:56:26.258 [TestNG-tests-1] INFO  testCases.TC_001_AccountRegistrationTest - Clicking on MyAccount link
15:56:26.345 [TestNG-tests-1] INFO  testCases.TC_001_AccountRegistrationTest - Clicking on register link
15:56:27.056 [TestNG-tests-1] INFO  testCases.TC_001_AccountRegistrationTest - Providing customers details
15:56:27.494 [TestNG-tests-2] INFO  testCases.TC_001_AccountRegistrationTest - ******* starting TC_001_AccountRegistrationTest *******
15:56:27.496 [TestNG-tests-2] INFO  testCases.TC_001_AccountRegistrationTest - Clicking on MyAccount link
15:56:27.606 [TestNG-tests-2] INFO  testCases.TC_001_AccountRegistrationTest - Clicking on register link
15:56:28.700 [TestNG-tests-1] INFO  testCases.TC_001_AccountRegistrationTest - Registration successful...
15:56:28.703 [TestNG-tests-1] INFO  testCases.TC_001_AccountRegistrationTest - ******* Finished TC_001_AccountRegistrationTest *******
15:56:28.965 [TestNG-tests-2] INFO  testCases.TC_001_AccountRegistrationTest - Providing customers details
15:56:30.577 [TestNG-tests-2] INFO  testCases.TC_001_AccountRegistrationTest - Registration successful...
15:56:30.577 [TestNG-tests-2] INFO  testCases.TC_001_AccountRegistrationTest - ******* Finished TC_001_AccountRegistrationTest *******
19:54:22.670 [main] INFO  testCases.TC_001_AccountRegistrationTest - ***  Starting TC_001_AccountRegistrationTest ***
19:54:22.724 [main] INFO  testCases.TC_001_AccountRegistrationTest - Clicked on My account link
19:54:23.342 [main] INFO  testCases.TC_001_AccountRegistrationTest - Clicked on register link
19:54:23.344 [main] INFO  testCases.TC_001_AccountRegistrationTest - Providing customer data
19:54:24.367 [main] INFO  testCases.TC_001_AccountRegistrationTest - Clicked on continue
19:54:24.400 [main] INFO  testCases.TC_001_AccountRegistrationTest - Validating expected message
19:54:24.401 [main] INFO  testCases.TC_001_AccountRegistrationTest - ***  Finished TC_001_AccountRegistrationTest ***
19:55:32.262 [main] INFO  testCases.TC_001_AccountRegistrationTest - ***  Starting TC_001_AccountRegistrationTest ***
19:55:32.326 [main] INFO  testCases.TC_001_AccountRegistrationTest - Clicked on My account link
19:55:32.945 [main] INFO  testCases.TC_001_AccountRegistrationTest - Clicked on register link
19:55:32.946 [main] INFO  testCases.TC_001_AccountRegistrationTest - Providing customer data
19:55:34.046 [main] INFO  testCases.TC_001_AccountRegistrationTest - Clicked on continue
19:55:34.076 [main] INFO  testCases.TC_001_AccountRegistrationTest - Validating expected message
11:11:21.183 [main] INFO  testCases.TC_002_LoginTest - Starting TC_002_LoginTest
11:11:22.812 [main] INFO  testCases.TC_002_LoginTest -  Finished TC_002_LoginTest
11:17:22.431 [main] INFO  testCases.TC_003_LoginDataDrivenTest -  Starting TC_003_LoginDataDrivenTest 
11:17:24.937 [main] INFO  testCases.TC_003_LoginDataDrivenTest -  Finished TC_003_LoginDataDrivenTest
11:17:24.963 [main] INFO  testCases.TC_003_LoginDataDrivenTest -  Starting TC_003_LoginDataDrivenTest 
11:17:36.098 [main] INFO  testCases.TC_003_LoginDataDrivenTest -  Finished TC_003_LoginDataDrivenTest
11:17:36.098 [main] INFO  testCases.TC_003_LoginDataDrivenTest -  Starting TC_003_LoginDataDrivenTest 
11:17:47.168 [main] INFO  testCases.TC_003_LoginDataDrivenTest -  Finished TC_003_LoginDataDrivenTest
11:17:47.175 [main] INFO  testCases.TC_003_LoginDataDrivenTest -  Starting TC_003_LoginDataDrivenTest 
11:17:58.977 [main] INFO  testCases.TC_003_LoginDataDrivenTest -  Finished TC_003_LoginDataDrivenTest
11:17:58.982 [main] INFO  testCases.TC_003_LoginDataDrivenTest -  Starting TC_003_LoginDataDrivenTest 
11:18:01.718 [main] INFO  testCases.TC_003_LoginDataDrivenTest -  Finished TC_003_LoginDataDrivenTest
11:19:21.329 [main] INFO  testCases.TC_003_LoginDataDrivenTest -  Starting TC_003_LoginDataDrivenTest 
11:19:23.761 [main] INFO  testCases.TC_003_LoginDataDrivenTest -  Finished TC_003_LoginDataDrivenTest
11:19:23.793 [main] INFO  testCases.TC_003_LoginDataDrivenTest -  Starting TC_003_LoginDataDrivenTest 
11:19:34.933 [main] INFO  testCases.TC_003_LoginDataDrivenTest -  Finished TC_003_LoginDataDrivenTest
11:19:34.949 [main] INFO  testCases.TC_003_LoginDataDrivenTest -  Starting TC_003_LoginDataDrivenTest 
11:19:46.082 [main] INFO  testCases.TC_003_LoginDataDrivenTest -  Finished TC_003_LoginDataDrivenTest
11:19:46.103 [main] INFO  testCases.TC_003_LoginDataDrivenTest -  Starting TC_003_LoginDataDrivenTest 
11:19:57.650 [main] INFO  testCases.TC_003_LoginDataDrivenTest -  Finished TC_003_LoginDataDrivenTest
11:19:57.657 [main] INFO  testCases.TC_003_LoginDataDrivenTest -  Starting TC_003_LoginDataDrivenTest 
11:20:00.533 [main] INFO  testCases.TC_003_LoginDataDrivenTest -  Finished TC_003_LoginDataDrivenTest
15:43:43.977 [main] INFO  testCases.TC_001_AccountRegistrationTest - ***  Starting TC_001_AccountRegistrationTest ***
15:43:44.041 [main] INFO  testCases.TC_001_AccountRegistrationTest - Clicked on My account link
15:43:44.664 [main] INFO  testCases.TC_001_AccountRegistrationTest - Clicked on register link
15:43:44.666 [main] INFO  testCases.TC_001_AccountRegistrationTest - Providing customer data
15:43:45.720 [main] INFO  testCases.TC_001_AccountRegistrationTest - Clicked on continue
15:43:45.749 [main] INFO  testCases.TC_001_AccountRegistrationTest - Validating expected message
15:43:45.750 [main] INFO  testCases.TC_001_AccountRegistrationTest - ***  Finished TC_001_AccountRegistrationTest ***
15:43:49.500 [main] INFO  testCases.TC_002_LoginTest - Starting TC_002_LoginTest
15:43:50.986 [main] INFO  testCases.TC_002_LoginTest -  Finished TC_002_LoginTest
15:44:46.787 [main] INFO  testCases.TC_002_LoginTest - Starting TC_002_LoginTest
15:44:48.261 [main] INFO  testCases.TC_002_LoginTest -  Finished TC_002_LoginTest
15:50:07.643 [main] INFO  testCases.TC_001_AccountRegistrationTest - ***  Starting TC_001_AccountRegistrationTest ***
15:50:07.757 [main] INFO  testCases.TC_001_AccountRegistrationTest - Clicked on My account link
15:50:08.594 [main] INFO  testCases.TC_001_AccountRegistrationTest - Clicked on register link
15:50:08.597 [main] INFO  testCases.TC_001_AccountRegistrationTest - Providing customer data
15:50:09.822 [main] INFO  testCases.TC_001_AccountRegistrationTest - Clicked on continue
15:50:09.873 [main] INFO  testCases.TC_001_AccountRegistrationTest - Validating expected message
15:50:09.873 [main] INFO  testCases.TC_001_AccountRegistrationTest - ***  Finished TC_001_AccountRegistrationTest ***
15:50:13.942 [main] INFO  testCases.TC_002_LoginTest - Starting TC_002_LoginTest
15:51:24.457 [main] INFO  testCases.TC_002_LoginTest - Starting TC_002_LoginTest
15:52:14.592 [main] INFO  testCases.TC_002_LoginTest - Starting TC_002_LoginTest
15:52:16.242 [main] INFO  testCases.TC_002_LoginTest -  Finished TC_002_LoginTest
15:59:10.819 [main] INFO  testCases.TC_001_AccountRegistrationTest - ***  Starting TC_001_AccountRegistrationTest ***
15:59:10.925 [main] INFO  testCases.TC_001_AccountRegistrationTest - Clicked on My account link
15:59:11.664 [main] INFO  testCases.TC_001_AccountRegistrationTest - Clicked on register link
15:59:11.666 [main] INFO  testCases.TC_001_AccountRegistrationTest - Providing customer data
15:59:12.993 [main] INFO  testCases.TC_001_AccountRegistrationTest - Clicked on continue
15:59:13.037 [main] INFO  testCases.TC_001_AccountRegistrationTest - Validating expected message
15:59:13.041 [main] INFO  testCases.TC_001_AccountRegistrationTest - ***  Finished TC_001_AccountRegistrationTest ***
15:59:17.297 [main] INFO  testCases.TC_002_LoginTest - Starting TC_002_LoginTest
15:59:19.008 [main] INFO  testCases.TC_002_LoginTest -  Finished TC_002_LoginTest
16:10:02.693 [main] INFO  testCases.TC_001_AccountRegistrationTest - ***  Starting TC_001_AccountRegistrationTest ***
16:10:02.800 [main] INFO  testCases.TC_001_AccountRegistrationTest - Clicked on My account link
16:10:03.546 [main] INFO  testCases.TC_001_AccountRegistrationTest - Clicked on register link
16:10:03.554 [main] INFO  testCases.TC_001_AccountRegistrationTest - Providing customer data
16:10:04.980 [main] INFO  testCases.TC_001_AccountRegistrationTest - Clicked on continue
16:10:05.006 [main] INFO  testCases.TC_001_AccountRegistrationTest - Validating expected message
16:10:05.006 [main] INFO  testCases.TC_001_AccountRegistrationTest - ***  Finished TC_001_AccountRegistrationTest ***
16:10:09.193 [main] INFO  testCases.TC_002_LoginTest - Starting TC_002_LoginTest
16:10:10.956 [main] INFO  testCases.TC_002_LoginTest -  Finished TC_002_LoginTest
16:15:56.754 [main] INFO  testCases.TC_002_LoginTest - Starting TC_002_LoginTest
16:15:58.370 [main] INFO  testCases.TC_002_LoginTest -  Finished TC_002_LoginTest
16:27:13.315 [main] INFO  testCases.TC_001_AccountRegistrationTest - ***  Starting TC_001_AccountRegistrationTest ***
16:27:13.423 [main] INFO  testCases.TC_001_AccountRegistrationTest - Clicked on My account link
16:27:14.114 [main] INFO  testCases.TC_001_AccountRegistrationTest - Clicked on register link
16:27:14.119 [main] INFO  testCases.TC_001_AccountRegistrationTest - Providing customer data
16:27:15.395 [main] INFO  testCases.TC_001_AccountRegistrationTest - Clicked on continue
16:27:15.431 [main] INFO  testCases.TC_001_AccountRegistrationTest - Validating expected message
16:27:15.431 [main] INFO  testCases.TC_001_AccountRegistrationTest - ***  Finished TC_001_AccountRegistrationTest ***
16:27:19.474 [main] INFO  testCases.TC_002_LoginTest - Starting TC_002_LoginTest
16:27:21.178 [main] INFO  testCases.TC_002_LoginTest -  Finished TC_002_LoginTest
